#
# There is insufficient memory for the Java Runtime Environment to continue.
# Native memory allocation (malloc) failed to allocate 242608 bytes for Chunk::new
# Possible reasons:
#   The system is out of physical RAM or swap space
#   The process is running with CompressedOops enabled, and the Java Heap may be blocking the growth of the native heap
# Possible solutions:
#   Reduce memory load on the system
#   Increase physical memory or swap space
#   Check if swap backing store is full
#   Decrease Java heap size (-Xmx/-Xms)
#   Decrease number of Java threads
#   Decrease Java thread stack sizes (-Xss)
#   Set larger code cache with -XX:ReservedCodeCacheSize=
#   JVM is running with Zero Based Compressed Oops mode in which the Java heap is
#     placed in the first 32GB address space. The Java Heap base address is the
#     maximum limit for the native heap growth. Please use -XX:HeapBaseMinAddress
#     to set the Java Heap base and to place the Java Heap above 32GB virtual address.
# This output file may be truncated or incomplete.
#
#  Out of Memory Error (allocation.cpp:389), pid=5456, tid=0x00000000000033cc
#
# JRE version: Java(TM) SE Runtime Environment (8.0_311-b11) (build 1.8.0_311-b11)
# Java VM: Java HotSpot(TM) 64-Bit Server VM (25.311-b11 mixed mode windows-amd64 compressed oops)
# Failed to write core dump. Minidumps are not enabled by default on client versions of Windows
#

---------------  T H R E A D  ---------------

Current thread (0x000002a181123800):  JavaThread "C2 CompilerThread0" daemon [_thread_in_native, id=13260, stack(0x000000e1a6a00000,0x000000e1a6b00000)]

Stack: [0x000000e1a6a00000,0x000000e1a6b00000]
Native frames: (J=compiled Java code, j=interpreted, Vv=VM code, C=native code)
V  [jvm.dll+0x32f239]
V  [jvm.dll+0x275882]
V  [jvm.dll+0x27652d]
V  [jvm.dll+0x26cf65]
V  [jvm.dll+0xd558c]
V  [jvm.dll+0xd5d8c]
V  [jvm.dll+0x470b65]
V  [jvm.dll+0x4380d3]
V  [jvm.dll+0x441215]
V  [jvm.dll+0x4405d5]
V  [jvm.dll+0x42b38b]
V  [jvm.dll+0xac22b]
V  [jvm.dll+0xaa88b]
V  [jvm.dll+0x23df22]
V  [jvm.dll+0x29253c]
C  [ucrtbase.dll+0x21bb2]
C  [KERNEL32.DLL+0x17034]
C  [ntdll.dll+0x52651]


Current CompileTask:
C2:  21199 2800   !   4       sun.awt.PostEventQueue::flush (168 bytes)


---------------  P R O C E S S  ---------------

Java Threads: ( => current thread )
  0x000002a18f02a800 JavaThread "Thread-8" [_thread_blocked, id=31696, stack(0x000000e1a7100000,0x000000e1a7200000)]
  0x000002a18f02a000 JavaThread "Thread-7" [_thread_blocked, id=14524, stack(0x000000e1a7f60000,0x000000e1a8060000)]
  0x000002a18f026000 JavaThread "Thread-6" [_thread_blocked, id=25340, stack(0x000000e1a7e60000,0x000000e1a7f60000)]
  0x000002a18ad4e000 JavaThread "DestroyJavaVM" [_thread_blocked, id=9292, stack(0x000000e1a5a00000,0x000000e1a5b00000)]
  0x000002a18ad46800 JavaThread "Thread-5" [_thread_blocked, id=31700, stack(0x000000e1a7d60000,0x000000e1a7e60000)]
  0x000002a18ad4d800 JavaThread "Thread-4" daemon [_thread_blocked, id=8912, stack(0x000000e1a7650000,0x000000e1a7750000)]
  0x000002a18a7b6000 JavaThread "D3D Screen Updater" daemon [_thread_blocked, id=3608, stack(0x000000e1a7c50000,0x000000e1a7d50000)]
  0x000002a18a7b5000 JavaThread "AWT-EventQueue-0" [_thread_in_native, id=456, stack(0x000000e1a7b50000,0x000000e1a7c50000)]
  0x000002a18a7b2000 JavaThread "AWT-Shutdown" [_thread_blocked, id=27208, stack(0x000000e1a7a50000,0x000000e1a7b50000)]
  0x000002a18a7b3800 JavaThread "Image Fetcher 3" daemon [_thread_blocked, id=3360, stack(0x000000e1a7850000,0x000000e1a7950000)]
  0x000002a18a7b3000 JavaThread "Image Fetcher 0" daemon [_thread_in_Java, id=26608, stack(0x000000e1a7750000,0x000000e1a7850000)]
  0x000002a182eac800 JavaThread "AWT-Windows" daemon [_thread_in_native, id=28796, stack(0x000000e1a7200000,0x000000e1a7300000)]
  0x000002a182ea4800 JavaThread "Java2D Disposer" daemon [_thread_blocked, id=17536, stack(0x000000e1a7000000,0x000000e1a7100000)]
  0x000002a18116d800 JavaThread "Service Thread" daemon [_thread_blocked, id=8124, stack(0x000000e1a6e00000,0x000000e1a6f00000)]
  0x000002a181136000 JavaThread "C1 CompilerThread3" daemon [_thread_blocked, id=29640, stack(0x000000e1a6d00000,0x000000e1a6e00000)]
  0x000002a181132000 JavaThread "C2 CompilerThread2" daemon [_thread_blocked, id=29820, stack(0x000000e1a6c00000,0x000000e1a6d00000)]
  0x000002a18112b800 JavaThread "C2 CompilerThread1" daemon [_thread_blocked, id=29492, stack(0x000000e1a6b00000,0x000000e1a6c00000)]
=>0x000002a181123800 JavaThread "C2 CompilerThread0" daemon [_thread_in_native, id=13260, stack(0x000000e1a6a00000,0x000000e1a6b00000)]
  0x000002a181121800 JavaThread "Attach Listener" daemon [_thread_blocked, id=19472, stack(0x000000e1a6900000,0x000000e1a6a00000)]
  0x000002a181120800 JavaThread "Signal Dispatcher" daemon [_thread_blocked, id=19908, stack(0x000000e1a6800000,0x000000e1a6900000)]
  0x000002a181101000 JavaThread "Finalizer" daemon [_thread_blocked, id=4868, stack(0x000000e1a6700000,0x000000e1a6800000)]
  0x000002a1810d9800 JavaThread "Reference Handler" daemon [_thread_blocked, id=29112, stack(0x000000e1a6600000,0x000000e1a6700000)]

Other Threads:
  0x000002a1ffa6e800 VMThread [stack: 0x000000e1a6500000,0x000000e1a6600000] [id=30616]
  0x000002a18116e800 WatcherThread [stack: 0x000000e1a6f00000,0x000000e1a7000000] [id=30928]

VM state:not at safepoint (normal execution)

VM Mutex/Monitor currently owned by a thread: None

heap address: 0x00000006c1400000, size: 4076 MB, Compressed Oops mode: Zero based, Oop shift amount: 3
Narrow klass base: 0x0000000000000000, Narrow klass shift: 3
Compressed class space size: 1073741824 Address: 0x00000007c0000000

Heap:
 PSYoungGen      total 314368K, used 165363K [0x000000076b180000, 0x0000000797b80000, 0x00000007c0000000)
  eden space 241152K, 68% used [0x000000076b180000,0x00000007752fcf38,0x0000000779d00000)
  from space 73216K, 0% used [0x0000000779d00000,0x0000000779d00000,0x000000077e480000)
  to   space 124416K, 0% used [0x0000000790200000,0x0000000790200000,0x0000000797b80000)
 ParOldGen       total 209920K, used 168936K [0x00000006c1400000, 0x00000006ce100000, 0x000000076b180000)
  object space 209920K, 80% used [0x00000006c1400000,0x00000006cb8fa348,0x00000006ce100000)
 Metaspace       used 19610K, capacity 19898K, committed 20352K, reserved 1067008K
  class space    used 2224K, capacity 2306K, committed 2432K, reserved 1048576K

Card table byte_map: [0x000002a1f64c0000,0x000002a1f6cc0000] byte_map_base: 0x000002a1f2eb6000

Marking Bits: (ParMarkBitMap*) 0x000000006f108030
 Begin Bits: [0x000002a1f7210000, 0x000002a1fb1c0000)
 End Bits:   [0x000002a1fb1c0000, 0x000002a1ff170000)

Polling page: 0x000002a1e5830000

CodeCache: size=245760Kb used=8809Kb max_used=10049Kb free=236950Kb
 bounds [0x000002a1e7100000, 0x000002a1e7b00000, 0x000002a1f6100000]
 total_blobs=3041 nmethods=2367 adapters=586
 compilation: enabled

Compilation events (10 events):
Event: 21.004 Thread 0x000002a181123800 2798       4       sun.awt.AWTAutoShutdown::notifyToolkitThreadFree (8 bytes)
Event: 21.005 Thread 0x000002a181123800 nmethod 2798 0x000002a1e7577310 code [0x000002a1e7577460, 0x000002a1e7577918]
Event: 21.005 Thread 0x000002a181132000 nmethod 2797 0x000002a1e758a3d0 code [0x000002a1e758a520, 0x000002a1e758aa18]
Event: 21.112 Thread 0x000002a18112b800 2799       4       java.awt.EventQueue::eventToCacheIndex (80 bytes)
Event: 21.113 Thread 0x000002a18112b800 nmethod 2799 0x000002a1e73f4b10 code [0x000002a1e73f4c60, 0x000002a1e73f4d38]
Event: 21.140 Thread 0x000002a181123800 2800   !   4       sun.awt.PostEventQueue::flush (168 bytes)
Event: 21.144 Thread 0x000002a181132000 2801       4       java.util.ArrayList::iterator (9 bytes)
Event: 21.145 Thread 0x000002a181132000 nmethod 2801 0x000002a1e7458a90 code [0x000002a1e7458be0, 0x000002a1e7458cb8]
Event: 21.167 Thread 0x000002a18112b800 2802       4       java.awt.Component::getInputContext (16 bytes)
Event: 21.168 Thread 0x000002a18112b800 nmethod 2802 0x000002a1e729e9d0 code [0x000002a1e729eb20, 0x000002a1e729ebb8]

GC Heap History (10 events):
Event: 11.448 GC heap before
{Heap before GC invocations=10 (full 3):
 PSYoungGen      total 314368K, used 241152K [0x000000076b180000, 0x0000000797b80000, 0x00000007c0000000)
  eden space 241152K, 100% used [0x000000076b180000,0x0000000779d00000,0x0000000779d00000)
  from space 73216K, 0% used [0x0000000779d00000,0x0000000779d00000,0x000000077e480000)
  to   space 124416K, 0% used [0x0000000790200000,0x0000000790200000,0x0000000797b80000)
 ParOldGen       total 209920K, used 170428K [0x00000006c1400000, 0x00000006ce100000, 0x000000076b180000)
  object space 209920K, 81% used [0x00000006c1400000,0x00000006cba6f0b8,0x00000006ce100000)
 Metaspace       used 19474K, capacity 19762K, committed 20352K, reserved 1067008K
  class space    used 2223K, capacity 2306K, committed 2432K, reserved 1048576K
Event: 11.520 GC heap after
Heap after GC invocations=10 (full 3):
 PSYoungGen      total 314368K, used 0K [0x000000076b180000, 0x0000000797b80000, 0x00000007c0000000)
  eden space 241152K, 0% used [0x000000076b180000,0x000000076b180000,0x0000000779d00000)
  from space 73216K, 0% used [0x0000000779d00000,0x0000000779d00000,0x000000077e480000)
  to   space 124416K, 0% used [0x0000000790200000,0x0000000790200000,0x0000000797b80000)
 ParOldGen       total 209920K, used 170450K [0x00000006c1400000, 0x00000006ce100000, 0x000000076b180000)
  object space 209920K, 81% used [0x00000006c1400000,0x00000006cba74820,0x00000006ce100000)
 Metaspace       used 19474K, capacity 19762K, committed 20352K, reserved 1067008K
  class space    used 2223K, capacity 2306K, committed 2432K, reserved 1048576K
}
Event: 15.052 GC heap before
{Heap before GC invocations=11 (full 4):
 PSYoungGen      total 314368K, used 240176K [0x000000076b180000, 0x0000000797b80000, 0x00000007c0000000)
  eden space 241152K, 99% used [0x000000076b180000,0x0000000779c0c258,0x0000000779d00000)
  from space 73216K, 0% used [0x0000000779d00000,0x0000000779d00000,0x000000077e480000)
  to   space 124416K, 0% used [0x0000000790200000,0x0000000790200000,0x0000000797b80000)
 ParOldGen       total 209920K, used 170450K [0x00000006c1400000, 0x00000006ce100000, 0x000000076b180000)
  object space 209920K, 81% used [0x00000006c1400000,0x00000006cba74820,0x00000006ce100000)
 Metaspace       used 19565K, capacity 19834K, committed 20352K, reserved 1067008K
  class space    used 2224K, capacity 2306K, committed 2432K, reserved 1048576K
Event: 15.070 GC heap after
Heap after GC invocations=11 (full 4):
 PSYoungGen      total 314368K, used 0K [0x000000076b180000, 0x0000000797b80000, 0x00000007c0000000)
  eden space 241152K, 0% used [0x000000076b180000,0x000000076b180000,0x0000000779d00000)
  from space 73216K, 0% used [0x0000000779d00000,0x0000000779d00000,0x000000077e480000)
  to   space 124416K, 0% used [0x0000000790200000,0x0000000790200000,0x0000000797b80000)
 ParOldGen       total 209920K, used 168934K [0x00000006c1400000, 0x00000006ce100000, 0x000000076b180000)
  object space 209920K, 80% used [0x00000006c1400000,0x00000006cb8f9b98,0x00000006ce100000)
 Metaspace       used 19565K, capacity 19834K, committed 20352K, reserved 1067008K
  class space    used 2224K, capacity 2306K, committed 2432K, reserved 1048576K
}
Event: 16.740 GC heap before
{Heap before GC invocations=12 (full 5):
 PSYoungGen      total 314368K, used 241152K [0x000000076b180000, 0x0000000797b80000, 0x00000007c0000000)
  eden space 241152K, 100% used [0x000000076b180000,0x0000000779d00000,0x0000000779d00000)
  from space 73216K, 0% used [0x0000000779d00000,0x0000000779d00000,0x000000077e480000)
  to   space 124416K, 0% used [0x0000000790200000,0x0000000790200000,0x0000000797b80000)
 ParOldGen       total 209920K, used 168934K [0x00000006c1400000, 0x00000006ce100000, 0x000000076b180000)
  object space 209920K, 80% used [0x00000006c1400000,0x00000006cb8f9b98,0x00000006ce100000)
 Metaspace       used 19586K, capacity 19898K, committed 20352K, reserved 1067008K
  class space    used 2224K, capacity 2306K, committed 2432K, reserved 1048576K
Event: 16.760 GC heap after
Heap after GC invocations=12 (full 5):
 PSYoungGen      total 314368K, used 0K [0x000000076b180000, 0x0000000797b80000, 0x00000007c0000000)
  eden space 241152K, 0% used [0x000000076b180000,0x000000076b180000,0x0000000779d00000)
  from space 73216K, 0% used [0x0000000779d00000,0x0000000779d00000,0x000000077e480000)
  to   space 124416K, 0% used [0x0000000790200000,0x0000000790200000,0x0000000797b80000)
 ParOldGen       total 209920K, used 168936K [0x00000006c1400000, 0x00000006ce100000, 0x000000076b180000)
  object space 209920K, 80% used [0x00000006c1400000,0x00000006cb8fa100,0x00000006ce100000)
 Metaspace       used 19586K, capacity 19898K, committed 20352K, reserved 1067008K
  class space    used 2224K, capacity 2306K, committed 2432K, reserved 1048576K
}
Event: 18.394 GC heap before
{Heap before GC invocations=13 (full 6):
 PSYoungGen      total 314368K, used 241061K [0x000000076b180000, 0x0000000797b80000, 0x00000007c0000000)
  eden space 241152K, 99% used [0x000000076b180000,0x0000000779ce9640,0x0000000779d00000)
  from space 73216K, 0% used [0x0000000779d00000,0x0000000779d00000,0x000000077e480000)
  to   space 124416K, 0% used [0x0000000790200000,0x0000000790200000,0x0000000797b80000)
 ParOldGen       total 209920K, used 168936K [0x00000006c1400000, 0x00000006ce100000, 0x000000076b180000)
  object space 209920K, 80% used [0x00000006c1400000,0x00000006cb8fa100,0x00000006ce100000)
 Metaspace       used 19604K, capacity 19898K, committed 20352K, reserved 1067008K
  class space    used 2224K, capacity 2306K, committed 2432K, reserved 1048576K
Event: 18.412 GC heap after
Heap after GC invocations=13 (full 6):
 PSYoungGen      total 314368K, used 0K [0x000000076b180000, 0x0000000797b80000, 0x00000007c0000000)
  eden space 241152K, 0% used [0x000000076b180000,0x000000076b180000,0x0000000779d00000)
  from space 73216K, 0% used [0x0000000779d00000,0x0000000779d00000,0x000000077e480000)
  to   space 124416K, 0% used [0x0000000790200000,0x0000000790200000,0x0000000797b80000)
 ParOldGen       total 209920K, used 170460K [0x00000006c1400000, 0x00000006ce100000, 0x000000076b180000)
  object space 209920K, 81% used [0x00000006c1400000,0x00000006cba77268,0x00000006ce100000)
 Metaspace       used 19604K, capacity 19898K, committed 20352K, reserved 1067008K
  class space    used 2224K, capacity 2306K, committed 2432K, reserved 1048576K
}
Event: 20.082 GC heap before
{Heap before GC invocations=14 (full 7):
 PSYoungGen      total 314368K, used 241152K [0x000000076b180000, 0x0000000797b80000, 0x00000007c0000000)
  eden space 241152K, 100% used [0x000000076b180000,0x0000000779d00000,0x0000000779d00000)
  from space 73216K, 0% used [0x0000000779d00000,0x0000000779d00000,0x000000077e480000)
  to   space 124416K, 0% used [0x0000000790200000,0x0000000790200000,0x0000000797b80000)
 ParOldGen       total 209920K, used 170460K [0x00000006c1400000, 0x00000006ce100000, 0x000000076b180000)
  object space 209920K, 81% used [0x00000006c1400000,0x00000006cba77268,0x00000006ce100000)
 Metaspace       used 19604K, capacity 19898K, committed 20352K, reserved 1067008K
  class space    used 2224K, capacity 2306K, committed 2432K, reserved 1048576K
Event: 20.106 GC heap after
Heap after GC invocations=14 (full 7):
 PSYoungGen      total 314368K, used 0K [0x000000076b180000, 0x0000000797b80000, 0x00000007c0000000)
  eden space 241152K, 0% used [0x000000076b180000,0x000000076b180000,0x0000000779d00000)
  from space 73216K, 0% used [0x0000000779d00000,0x0000000779d00000,0x000000077e480000)
  to   space 124416K, 0% used [0x0000000790200000,0x0000000790200000,0x0000000797b80000)
 ParOldGen       total 209920K, used 168936K [0x00000006c1400000, 0x00000006ce100000, 0x000000076b180000)
  object space 209920K, 80% used [0x00000006c1400000,0x00000006cb8fa348,0x00000006ce100000)
 Metaspace       used 19604K, capacity 19898K, committed 20352K, reserved 1067008K
  class space    used 2224K, capacity 2306K, committed 2432K, reserved 1048576K
}

Deoptimization events (10 events):
Event: 7.669 Thread 0x000002a18ad46800 Uncommon trap: reason=unstable_if action=reinterpret pc=0x000002a1e7a4b1d0 method=java.util.regex.Pattern.atom()Ljava/util/regex/Pattern$Node; @ 354
Event: 7.669 Thread 0x000002a18ad46800 Uncommon trap: reason=unstable_if action=reinterpret pc=0x000002a1e7a6a0bc method=java.util.regex.Pattern.sequence(Ljava/util/regex/Pattern$Node;)Ljava/util/regex/Pattern$Node; @ 512
Event: 7.669 Thread 0x000002a18ad46800 Uncommon trap: reason=unstable_if action=reinterpret pc=0x000002a1e7a51558 method=java.util.regex.Matcher.reset()Ljava/util/regex/Matcher; @ 47
Event: 7.669 Thread 0x000002a18ad46800 Uncommon trap: reason=unstable_if action=reinterpret pc=0x000002a1e74547c8 method=java.util.regex.Matcher.reset()Ljava/util/regex/Matcher; @ 47
Event: 7.669 Thread 0x000002a18ad46800 Uncommon trap: reason=unstable_if action=reinterpret pc=0x000002a1e74f55bc method=java.util.regex.Pattern$Branch.match(Ljava/util/regex/Matcher;ILjava/lang/CharSequence;)Z @ 19
Event: 7.669 Thread 0x000002a18ad46800 Uncommon trap: reason=bimorphic action=maybe_recompile pc=0x000002a1e7461ed0 method=java.util.regex.Pattern$BmpCharProperty.match(Ljava/util/regex/Matcher;ILjava/lang/CharSequence;)Z @ 16
Event: 7.669 Thread 0x000002a18ad46800 Uncommon trap: reason=bimorphic action=maybe_recompile pc=0x000002a1e7461ed0 method=java.util.regex.Pattern$BmpCharProperty.match(Ljava/util/regex/Matcher;ILjava/lang/CharSequence;)Z @ 16
Event: 7.670 Thread 0x000002a18ad46800 Uncommon trap: reason=bimorphic action=maybe_recompile pc=0x000002a1e7461ed0 method=java.util.regex.Pattern$BmpCharProperty.match(Ljava/util/regex/Matcher;ILjava/lang/CharSequence;)Z @ 16
Event: 7.670 Thread 0x000002a18ad46800 Uncommon trap: reason=bimorphic action=maybe_recompile pc=0x000002a1e7461ed0 method=java.util.regex.Pattern$BmpCharProperty.match(Ljava/util/regex/Matcher;ILjava/lang/CharSequence;)Z @ 16
Event: 7.761 Thread 0x000002a18ad46800 Uncommon trap: reason=class_check action=maybe_recompile pc=0x000002a1e75fc478 method=java.util.HashMap.putVal(ILjava/lang/Object;Ljava/lang/Object;ZZ)Ljava/lang/Object; @ 253

Classes redefined (0 events):
No events

Internal exceptions (10 events):
Event: 7.743 Thread 0x000002a18a7b3000 Exception <a 'java/io/FileNotFoundException'> (0x0000000777d0e568) thrown at [C:\jenkins\workspace\8-2-build-windows-amd64-cygwin\jdk8u311\1894\hotspot\src\share\vm\prims\jni.cpp, line 710]
Event: 7.743 Thread 0x000002a18a7b3800 Exception <a 'java/io/FileNotFoundException'> (0x00000007783d6d78) thrown at [C:\jenkins\workspace\8-2-build-windows-amd64-cygwin\jdk8u311\1894\hotspot\src\share\vm\prims\jni.cpp, line 710]
Event: 7.743 Thread 0x000002a18a7b3000 Exception <a 'java/io/FileNotFoundException'> (0x0000000777d0efd8) thrown at [C:\jenkins\workspace\8-2-build-windows-amd64-cygwin\jdk8u311\1894\hotspot\src\share\vm\prims\jni.cpp, line 710]
Event: 7.743 Thread 0x000002a18a7b3800 Exception <a 'java/io/FileNotFoundException'> (0x00000007783d7810) thrown at [C:\jenkins\workspace\8-2-build-windows-amd64-cygwin\jdk8u311\1894\hotspot\src\share\vm\prims\jni.cpp, line 710]
Event: 7.743 Thread 0x000002a18a7b3000 Exception <a 'java/io/FileNotFoundException'> (0x0000000777d0fa48) thrown at [C:\jenkins\workspace\8-2-build-windows-amd64-cygwin\jdk8u311\1894\hotspot\src\share\vm\prims\jni.cpp, line 710]
Event: 7.743 Thread 0x000002a18a7b3800 Exception <a 'java/io/FileNotFoundException'> (0x00000007783d82a0) thrown at [C:\jenkins\workspace\8-2-build-windows-amd64-cygwin\jdk8u311\1894\hotspot\src\share\vm\prims\jni.cpp, line 710]
Event: 7.743 Thread 0x000002a18a7b3000 Exception <a 'java/io/FileNotFoundException'> (0x0000000777d104b0) thrown at [C:\jenkins\workspace\8-2-build-windows-amd64-cygwin\jdk8u311\1894\hotspot\src\share\vm\prims\jni.cpp, line 710]
Event: 7.755 Thread 0x000002a18a7b3000 Exception <a 'java/io/FileNotFoundException'> (0x0000000777d10f08) thrown at [C:\jenkins\workspace\8-2-build-windows-amd64-cygwin\jdk8u311\1894\hotspot\src\share\vm\prims\jni.cpp, line 710]
Event: 7.755 Thread 0x000002a18a7b3800 Exception <a 'java/io/FileNotFoundException'> (0x00000007783e03a0) thrown at [C:\jenkins\workspace\8-2-build-windows-amd64-cygwin\jdk8u311\1894\hotspot\src\share\vm\prims\jni.cpp, line 710]
Event: 14.548 Thread 0x000002a18ad46800 Exception <a 'java/net/ConnectException': Connection refused: connect> (0x00000007748aa010) thrown at [C:\jenkins\workspace\8-2-build-windows-amd64-cygwin\jdk8u311\1894\hotspot\src\share\vm\prims\jni.cpp, line 737]

Events (10 events):
Event: 15.052 Executing VM operation: ParallelGCFailedAllocation
Event: 15.070 Executing VM operation: ParallelGCFailedAllocation done
Event: 15.379 Thread 0x000002a18ad46800 DEOPT PACKING pc=0x000002a1e75406ed sp=0x000000e1a7e5ecb0
Event: 15.379 Thread 0x000002a18ad46800 DEOPT UNPACKING pc=0x000002a1e7147918 sp=0x000000e1a7e5e970 mode 0
Event: 16.740 Executing VM operation: ParallelGCFailedAllocation
Event: 16.760 Executing VM operation: ParallelGCFailedAllocation done
Event: 18.394 Executing VM operation: ParallelGCFailedAllocation
Event: 18.412 Executing VM operation: ParallelGCFailedAllocation done
Event: 20.082 Executing VM operation: ParallelGCFailedAllocation
Event: 20.106 Executing VM operation: ParallelGCFailedAllocation done


Dynamic libraries:
0x00007ff69c930000 - 0x00007ff69c977000 	C:\Program Files\Java\jre1.8.0_311\bin\javaw.exe
0x00007ffda1f50000 - 0x00007ffda2145000 	C:\Windows\SYSTEM32\ntdll.dll
0x00007ffda1330000 - 0x00007ffda13ee000 	C:\Windows\System32\KERNEL32.DLL
0x00007ffd9f840000 - 0x00007ffd9fb09000 	C:\Windows\System32\KERNELBASE.dll
0x00007ffda0170000 - 0x00007ffda021c000 	C:\Windows\System32\ADVAPI32.dll
0x00007ffd9ffa0000 - 0x00007ffda003e000 	C:\Windows\System32\msvcrt.dll
0x00007ffda1d40000 - 0x00007ffda1ddb000 	C:\Windows\System32\sechost.dll
0x00007ffda08d0000 - 0x00007ffda09fa000 	C:\Windows\System32\RPCRT4.dll
0x00007ffda13f0000 - 0x00007ffda1591000 	C:\Windows\System32\USER32.dll
0x00007ffd9fcc0000 - 0x00007ffd9fce2000 	C:\Windows\System32\win32u.dll
0x00007ffda0650000 - 0x00007ffda067b000 	C:\Windows\System32\GDI32.dll
0x00007ffd9fd90000 - 0x00007ffd9fe9b000 	C:\Windows\System32\gdi32full.dll
0x00007ffd9fcf0000 - 0x00007ffd9fd8d000 	C:\Windows\System32\msvcp_win.dll
0x00007ffd9fea0000 - 0x00007ffd9ffa0000 	C:\Windows\System32\ucrtbase.dll
0x00007ffd87fe0000 - 0x00007ffd8827a000 	C:\Windows\WinSxS\amd64_microsoft.windows.common-controls_6595b64144ccf1df_6.0.19041.1110_none_60b5254171f9507e\COMCTL32.dll
0x00007ffda08a0000 - 0x00007ffda08d0000 	C:\Windows\System32\IMM32.DLL
0x00007ffd96ce0000 - 0x00007ffd96cf5000 	C:\Program Files\Java\jre1.8.0_311\bin\vcruntime140.dll
0x00007ffd7b740000 - 0x00007ffd7b7db000 	C:\Program Files\Java\jre1.8.0_311\bin\msvcp140.dll
0x000000006e920000 - 0x000000006f180000 	C:\Program Files\Java\jre1.8.0_311\bin\server\jvm.dll
0x00007ffda1320000 - 0x00007ffda1328000 	C:\Windows\System32\PSAPI.DLL
0x00007ffd8c1e0000 - 0x00007ffd8c1e9000 	C:\Windows\SYSTEM32\WSOCK32.dll
0x00007ffda02f0000 - 0x00007ffda035b000 	C:\Windows\System32\WS2_32.dll
0x00007ffd8d650000 - 0x00007ffd8d677000 	C:\Windows\SYSTEM32\WINMM.dll
0x00007ffd98ce0000 - 0x00007ffd98cea000 	C:\Windows\SYSTEM32\VERSION.dll
0x00007ffd9df40000 - 0x00007ffd9df52000 	C:\Windows\SYSTEM32\kernel.appcore.dll
0x00007ffd9b9f0000 - 0x00007ffd9ba00000 	C:\Program Files\Java\jre1.8.0_311\bin\verify.dll
0x00007ffd94520000 - 0x00007ffd9454b000 	C:\Program Files\Java\jre1.8.0_311\bin\java.dll
0x00007ffd945a0000 - 0x00007ffd945b8000 	C:\Program Files\Java\jre1.8.0_311\bin\zip.dll
0x00007ffda15a0000 - 0x00007ffda1cdf000 	C:\Windows\System32\SHELL32.dll
0x00007ffd9d770000 - 0x00007ffd9df00000 	C:\Windows\SYSTEM32\windows.storage.dll
0x00007ffda0e90000 - 0x00007ffda11e5000 	C:\Windows\System32\combase.dll
0x00007ffd9f0c0000 - 0x00007ffd9f0ec000 	C:\Windows\SYSTEM32\Wldp.dll
0x00007ffda0760000 - 0x00007ffda080d000 	C:\Windows\System32\SHCORE.dll
0x00007ffda0360000 - 0x00007ffda03b5000 	C:\Windows\System32\shlwapi.dll
0x00007ffd9f5b0000 - 0x00007ffd9f5cf000 	C:\Windows\SYSTEM32\profapi.dll
0x00007ffd62440000 - 0x00007ffd625d5000 	C:\Program Files\Java\jre1.8.0_311\bin\awt.dll
0x00007ffda11f0000 - 0x00007ffda12bd000 	C:\Windows\System32\OLEAUT32.dll
0x00007ffd9ba30000 - 0x00007ffd9bac0000 	C:\Windows\SYSTEM32\apphelp.dll
0x00007ffd9d1b0000 - 0x00007ffd9d1df000 	C:\Windows\system32\DWMAPI.DLL
0x00007ffd9cde0000 - 0x00007ffd9ce7e000 	C:\Windows\system32\uxtheme.dll
0x00007ffd54710000 - 0x00007ffd54835000 	C:\Windows\system32\opengl32.dll
0x00007ffd7b220000 - 0x00007ffd7b24c000 	C:\Windows\SYSTEM32\GLU32.dll
0x00007ffda1df0000 - 0x00007ffda1f05000 	C:\Windows\System32\MSCTF.dll
0x00007ffda0040000 - 0x00007ffda016a000 	C:\Windows\System32\ole32.dll
0x00007ffd9f7b0000 - 0x00007ffd9f833000 	C:\Windows\System32\bcryptPrimitives.dll
0x00007ffd88530000 - 0x00007ffd886fe000 	C:\Windows\system32\d3d9.dll
0x00007ffd90490000 - 0x00007ffd90596000 	C:\Windows\System32\DriverStore\FileRepository\nv_dispi.inf_amd64_44dc4eefedc0d082\nvldumdx.dll
0x00007ffd9f250000 - 0x00007ffd9f262000 	C:\Windows\SYSTEM32\msasn1.dll
0x00007ffd98bc0000 - 0x00007ffd98bf1000 	C:\Windows\SYSTEM32\cryptnet.dll
0x00007ffd9fb60000 - 0x00007ffd9fcb6000 	C:\Windows\System32\CRYPT32.dll
0x00007ffd96d70000 - 0x00007ffd96eba000 	C:\Windows\SYSTEM32\drvstore.dll
0x00007ffd9f410000 - 0x00007ffd9f444000 	C:\Windows\SYSTEM32\devobj.dll
0x00007ffd9fb10000 - 0x00007ffd9fb5e000 	C:\Windows\System32\cfgmgr32.dll
0x00007ffd9f030000 - 0x00007ffd9f03c000 	C:\Windows\SYSTEM32\cryptbase.dll
0x00007ffd9f670000 - 0x00007ffd9f6d0000 	C:\Windows\System32\WINTRUST.DLL
0x00007ffda02d0000 - 0x00007ffda02ed000 	C:\Windows\System32\imagehlp.dll
0x00007ffd9f010000 - 0x00007ffd9f028000 	C:\Windows\SYSTEM32\CRYPTSP.dll
0x00007ffd9e730000 - 0x00007ffd9e764000 	C:\Windows\system32\rsaenh.dll
0x00007ffd9f780000 - 0x00007ffd9f7a7000 	C:\Windows\System32\bcrypt.dll
0x00007ffd52ec0000 - 0x00007ffd54655000 	C:\Windows\System32\DriverStore\FileRepository\nv_dispi.inf_amd64_44dc4eefedc0d082\nvd3dumx.dll
0x00007ffd52b90000 - 0x00007ffd52e53000 	C:\Windows\system32\nvspcap64.dll
0x00007ffd9e330000 - 0x00007ffd9e363000 	C:\Windows\SYSTEM32\ntmarta.dll
0x00007ffd9df10000 - 0x00007ffd9df33000 	C:\Windows\SYSTEM32\gpapi.dll
0x00007ffd90450000 - 0x00007ffd9048b000 	C:\Windows\SYSTEM32\dxcore.dll
0x00007ffd94500000 - 0x00007ffd9451c000 	C:\Program Files\Java\jre1.8.0_311\bin\net.dll
0x00007ffd9ee20000 - 0x00007ffd9ee8a000 	C:\Windows\system32\mswsock.dll
0x00007ffd87ea0000 - 0x00007ffd87eb7000 	C:\Windows\system32\napinsp.dll
0x00007ffd87990000 - 0x00007ffd879ab000 	C:\Windows\system32\pnrpnsp.dll
0x00007ffd9bac0000 - 0x00007ffd9bad5000 	C:\Windows\system32\wshbth.dll
0x00007ffd99a40000 - 0x00007ffd99a5d000 	C:\Windows\system32\NLAapi.dll
0x00007ffd9eac0000 - 0x00007ffd9eafb000 	C:\Windows\SYSTEM32\IPHLPAPI.DLL
0x00007ffd9eb10000 - 0x00007ffd9ebdc000 	C:\Windows\SYSTEM32\DNSAPI.dll
0x00007ffda1de0000 - 0x00007ffda1de8000 	C:\Windows\System32\NSI.dll
0x00007ffd875f0000 - 0x00007ffd87602000 	C:\Windows\System32\winrnr.dll
0x00007ffd98dd0000 - 0x00007ffd98dda000 	C:\Windows\System32\rasadhlp.dll
0x00007ffd95960000 - 0x00007ffd959df000 	C:\Windows\System32\fwpuclnt.dll
0x00007ffd7e0b0000 - 0x00007ffd7e0d4000 	C:\Program Files\Java\jre1.8.0_311\bin\sunec.dll
0x00007ffd99150000 - 0x00007ffd99167000 	C:\Windows\SYSTEM32\dhcpcsvc6.DLL
0x00007ffd99630000 - 0x00007ffd9964d000 	C:\Windows\SYSTEM32\dhcpcsvc.DLL
0x00007ffd8bf10000 - 0x00007ffd8bf23000 	C:\Program Files\Java\jre1.8.0_311\bin\nio.dll
0x00007ffd9f570000 - 0x00007ffd9f59e000 	C:\Windows\SYSTEM32\USERENV.dll
0x00007ffd9b670000 - 0x00007ffd9b67d000 	C:\Program Files\Java\jre1.8.0_311\bin\sunmscapi.dll
0x00007ffd9f130000 - 0x00007ffd9f157000 	C:\Windows\SYSTEM32\ncrypt.dll
0x00007ffd9f0f0000 - 0x00007ffd9f12b000 	C:\Windows\SYSTEM32\NTASN1.dll
0x00007ffd7bf50000 - 0x00007ffd7bf99000 	C:\Program Files\Java\jre1.8.0_311\bin\fontmanager.dll
0x00007ffd93250000 - 0x00007ffd93349000 	C:\Windows\SYSTEM32\textinputframework.dll
0x00007ffd9ae80000 - 0x00007ffd9b1de000 	C:\Windows\System32\CoreUIComponents.dll
0x00007ffd9b350000 - 0x00007ffd9b442000 	C:\Windows\System32\CoreMessaging.dll
0x00007ffd9bcc0000 - 0x00007ffd9be14000 	C:\Windows\SYSTEM32\wintypes.dll
0x00007ffd7b6f0000 - 0x00007ffd7b733000 	C:\Program Files\Java\jre1.8.0_311\bin\t2k.dll
0x00007ffd9d560000 - 0x00007ffd9d744000 	C:\Windows\SYSTEM32\dbghelp.dll

VM Arguments:
jvm_args: -Dfile.encoding=Cp1252 
java_command: com.client.Client
java_class_path (initial): C:\Users\Josh\Dropbox\Magebank RSPS Team Folder\Test SERVER ONLY\Project51 Client;C:\Users\Josh\Dropbox\Magebank RSPS Team Folder\Test SERVER ONLY\Project51 Client\lib\xpp3-1.1.3.4.C.jar;C:\Users\Josh\Dropbox\Magebank RSPS Team Folder\Test SERVER ONLY\Project51 Client\lib\xstream-1.3.1.jar
Launcher Type: SUN_STANDARD

Environment Variables:
PATH=C:/Users/Josh/.p2/pool/plugins/org.eclipse.justj.openjdk.hotspot.jre.full.win32.x86_64_17.0.0.v20211012-1059/jre/bin/server;C:/Users/Josh/.p2/pool/plugins/org.eclipse.justj.openjdk.hotspot.jre.full.win32.x86_64_17.0.0.v20211012-1059/jre/bin;C:\Program Files (x86)\Common Files\Oracle\Java\javapath;C:\Windows\system32;C:\Windows;C:\Windows\System32\Wbem;C:\Windows\System32\WindowsPowerShell\v1.0\;C:\Windows\System32\OpenSSH\;C:\Program Files\NVIDIA Corporation\NVIDIA NvDLISR;C:\Program Files (x86)\NVIDIA Corporation\PhysX\Common;C:\Program Files\Git\cmd;C:\Users\Josh\AppData\Local\Microsoft\WindowsApps;;C:\Windows\system32;
USERNAME=Josh
OS=Windows_NT
PROCESSOR_IDENTIFIER=Intel64 Family 6 Model 158 Stepping 10, GenuineIntel



---------------  S Y S T E M  ---------------

OS: Windows 10.0 , 64 bit Build 19041 (10.0.19041.1202)

CPU:total 12 (initial active 12) (6 cores per cpu, 2 threads per core) family 6 model 158 stepping 10, cmov, cx8, fxsr, mmx, sse, sse2, sse3, ssse3, sse4.1, sse4.2, popcnt, avx, avx2, aes, clmul, erms, rtm, 3dnowpref, lzcnt, ht, tsc, tscinvbit, bmi1, bmi2, adx

Memory: 4k page, physical 16690492k(606716k free), swap 67022140k(4196k free)

vm_info: Java HotSpot(TM) 64-Bit Server VM (25.311-b11) for windows-amd64 JRE (1.8.0_311-b11), built on Sep 27 2021 05:15:14 by "java_re" with MS VC++ 15.9 (VS2017)

time: Tue Nov 23 19:35:40 2021
timezone: Pacific Standard Time
elapsed time: 21.208032 seconds (0d 0h 0m 21s)

